<?xml version="1.0" encoding="UTF-8"?>
<testng-results ignored="0" total="1" passed="1" failed="0" skipped="0">
  <reporter-output>
  </reporter-output>
  <suite started-at="2022-06-03T19:27:52 IST" name="Default suite" finished-at="2022-06-03T19:28:31 IST" duration-ms="39245">
    <groups>
    </groups>
    <test started-at="2022-06-03T19:27:52 IST" name="Default test" finished-at="2022-06-03T19:28:31 IST" duration-ms="39245">
      <class name="com.appimAssessment.Appium.ClickClass12BiologyInKhanAcademy1">
        <test-method is-config="true" signature="launchKhanAcademy()[pri:0, instance:com.appimAssessment.Appium.ClickClass12BiologyInKhanAcademy1@1de5f259]" started-at="2022-06-03T19:27:52 IST" name="launchKhanAcademy" finished-at="2022-06-03T19:28:09 IST" duration-ms="16860" status="PASS">
          <reporter-output>
          </reporter-output>
        </test-method> <!-- launchKhanAcademy -->
        <test-method signature="clickClass12Biology()[pri:0, instance:com.appimAssessment.Appium.ClickClass12BiologyInKhanAcademy1@1de5f259]" started-at="2022-06-03T19:28:09 IST" name="clickClass12Biology" finished-at="2022-06-03T19:28:29 IST" duration-ms="20706" status="PASS">
          <reporter-output>
          </reporter-output>
        </test-method> <!-- clickClass12Biology -->
        <test-method is-config="true" signature="quitBrowser()[pri:0, instance:com.appimAssessment.Appium.ClickClass12BiologyInKhanAcademy1@1de5f259]" started-at="2022-06-03T19:28:29 IST" name="quitBrowser" finished-at="2022-06-03T19:28:31 IST" duration-ms="1587" status="PASS">
          <reporter-output>
          </reporter-output>
        </test-method> <!-- quitBrowser -->
      </class> <!-- com.appimAssessment.Appium.ClickClass12BiologyInKhanAcademy1 -->
    </test> <!-- Default test -->
  </suite> <!-- Default suite -->
</testng-results>
